2022-08-09 20:04:19.391  INFO 15820 --- [restartedMain] com.cg.AdminService1Application          : Starting AdminService1Application using Java 17.0.2 on LIN24010827 with PID 15820 (C:\Users\AKANTKUS\Desktop\On Demand Car Wash System(MicroServices) BackEnd\admin-service\target\classes started by akantkus in C:\Users\AKANTKUS\Desktop\On Demand Car Wash System(MicroServices) BackEnd\admin-service)
2022-08-09 20:04:19.419  INFO 15820 --- [restartedMain] com.cg.AdminService1Application          : No active profile set, falling back to 1 default profile: "default"
2022-08-09 20:04:19.552  INFO 15820 --- [restartedMain] .e.DevToolsPropertyDefaultsPostProcessor : Devtools property defaults active! Set 'spring.devtools.add-properties' to 'false' to disable
2022-08-09 20:04:19.553  INFO 15820 --- [restartedMain] .e.DevToolsPropertyDefaultsPostProcessor : For additional web related logging consider setting the 'logging.level.web' property to 'DEBUG'
2022-08-09 20:04:22.023  INFO 15820 --- [restartedMain] .s.d.r.c.RepositoryConfigurationDelegate : Bootstrapping Spring Data MongoDB repositories in DEFAULT mode.
2022-08-09 20:04:22.381  INFO 15820 --- [restartedMain] .s.d.r.c.RepositoryConfigurationDelegate : Finished Spring Data repository scanning in 348 ms. Found 3 MongoDB repository interfaces.
2022-08-09 20:04:23.054  INFO 15820 --- [restartedMain] o.s.cloud.context.scope.GenericScope     : BeanFactory id=59c82f16-4f41-3b26-9f89-c49470a27efe
2022-08-09 20:04:24.635  INFO 15820 --- [restartedMain] o.s.b.w.embedded.tomcat.TomcatWebServer  : Tomcat initialized with port(s): 8084 (http)
2022-08-09 20:04:24.657  INFO 15820 --- [restartedMain] o.apache.catalina.core.StandardService   : Starting service [Tomcat]
2022-08-09 20:04:24.658  INFO 15820 --- [restartedMain] org.apache.catalina.core.StandardEngine  : Starting Servlet engine: [Apache Tomcat/9.0.65]
2022-08-09 20:04:24.906  INFO 15820 --- [restartedMain] o.a.c.c.C.[Tomcat].[localhost].[/]       : Initializing Spring embedded WebApplicationContext
2022-08-09 20:04:24.910  INFO 15820 --- [restartedMain] w.s.c.ServletWebServerApplicationContext : Root WebApplicationContext: initialization completed in 5354 ms
2022-08-09 20:04:25.590  INFO 15820 --- [restartedMain] org.mongodb.driver.client                : MongoClient with metadata {"driver": {"name": "mongo-java-driver|sync|spring-boot", "version": "4.6.1"}, "os": {"type": "Windows", "name": "Windows 10", "architecture": "amd64", "version": "10.0"}, "platform": "Java/Eclipse Adoptium/17.0.2+8"} created with settings MongoClientSettings{readPreference=primary, writeConcern=WriteConcern{w=majority, wTimeout=null ms, journal=null}, retryWrites=true, retryReads=true, readConcern=ReadConcern{level=null}, credential=MongoCredential{mechanism=null, userName='Abhi31march', source='admin', password=<hidden>, mechanismProperties=<hidden>}, streamFactoryFactory=null, commandListeners=[], codecRegistry=ProvidersCodecRegistry{codecProviders=[ValueCodecProvider{}, BsonValueCodecProvider{}, DBRefCodecProvider{}, DBObjectCodecProvider{}, DocumentCodecProvider{}, IterableCodecProvider{}, MapCodecProvider{}, GeoJsonCodecProvider{}, GridFSFileCodecProvider{}, Jsr310CodecProvider{}, JsonObjectCodecProvider{}, BsonCodecProvider{}, EnumCodecProvider{}, com.mongodb.Jep395RecordCodecProvider@2349425e]}, clusterSettings={hosts=[127.0.0.1:27017], srvHost=cluster0.qyluq6u.mongodb.net, srvServiceName=mongodb, mode=MULTIPLE, requiredClusterType=REPLICA_SET, requiredReplicaSetName='atlas-drnppv-shard-0', serverSelector='null', clusterListeners='[]', serverSelectionTimeout='30000 ms', localThreshold='30000 ms'}, socketSettings=SocketSettings{connectTimeoutMS=10000, readTimeoutMS=0, receiveBufferSize=0, sendBufferSize=0}, heartbeatSocketSettings=SocketSettings{connectTimeoutMS=10000, readTimeoutMS=10000, receiveBufferSize=0, sendBufferSize=0}, connectionPoolSettings=ConnectionPoolSettings{maxSize=100, minSize=0, maxWaitTimeMS=120000, maxConnectionLifeTimeMS=0, maxConnectionIdleTimeMS=0, maintenanceInitialDelayMS=0, maintenanceFrequencyMS=60000, connectionPoolListeners=[], maxConnecting=2}, serverSettings=ServerSettings{heartbeatFrequencyMS=10000, minHeartbeatFrequencyMS=500, serverListeners='[]', serverMonitorListeners='[]'}, sslSettings=SslSettings{enabled=true, invalidHostNameAllowed=false, context=null}, applicationName='null', compressorList=[], uuidRepresentation=JAVA_LEGACY, serverApi=null, autoEncryptionSettings=null, contextProvider=null}
2022-08-09 20:04:25.662  INFO 15820 --- [cluster-ClusterId{value='62f270719726714c9cbf7b94', description='null'}-srv-cluster0.qyluq6u.mongodb.net] org.mongodb.driver.cluster               : Adding discovered server ac-uctqwar-shard-00-02.qyluq6u.mongodb.net:27017 to client view of cluster
2022-08-09 20:04:25.703  INFO 15820 --- [cluster-ClusterId{value='62f270719726714c9cbf7b94', description='null'}-srv-cluster0.qyluq6u.mongodb.net] org.mongodb.driver.cluster               : Adding discovered server ac-uctqwar-shard-00-00.qyluq6u.mongodb.net:27017 to client view of cluster
2022-08-09 20:04:25.705  INFO 15820 --- [cluster-ClusterId{value='62f270719726714c9cbf7b94', description='null'}-srv-cluster0.qyluq6u.mongodb.net] org.mongodb.driver.cluster               : Adding discovered server ac-uctqwar-shard-00-01.qyluq6u.mongodb.net:27017 to client view of cluster
2022-08-09 20:04:25.879  WARN 15820 --- [restartedMain] o.s.data.convert.CustomConversions       : Registering converter from class java.time.LocalDateTime to class org.joda.time.LocalDateTime as reading converter although it doesn't convert from a store-supported type; You might want to check your annotation setup at the converter implementation
2022-08-09 20:04:26.047  WARN 15820 --- [restartedMain] o.s.b.d.a.OptionalLiveReloadServer       : Unable to start LiveReload server
2022-08-09 20:04:26.314  WARN 15820 --- [restartedMain] o.s.data.convert.CustomConversions       : Registering converter from class java.time.LocalDateTime to class org.joda.time.LocalDateTime as reading converter although it doesn't convert from a store-supported type; You might want to check your annotation setup at the converter implementation
2022-08-09 20:04:26.363  INFO 15820 --- [cluster-ClusterId{value='62f270719726714c9cbf7b94', description='null'}-ac-uctqwar-shard-00-01.qyluq6u.mongodb.net:27017] org.mongodb.driver.connection            : Opened connection [connectionId{localValue:4, serverValue:11504}] to ac-uctqwar-shard-00-01.qyluq6u.mongodb.net:27017
2022-08-09 20:04:26.363  INFO 15820 --- [cluster-ClusterId{value='62f270719726714c9cbf7b94', description='null'}-ac-uctqwar-shard-00-02.qyluq6u.mongodb.net:27017] org.mongodb.driver.connection            : Opened connection [connectionId{localValue:1, serverValue:12776}] to ac-uctqwar-shard-00-02.qyluq6u.mongodb.net:27017
2022-08-09 20:04:26.363  INFO 15820 --- [cluster-rtt-ClusterId{value='62f270719726714c9cbf7b94', description='null'}-ac-uctqwar-shard-00-02.qyluq6u.mongodb.net:27017] org.mongodb.driver.connection            : Opened connection [connectionId{localValue:2, serverValue:12776}] to ac-uctqwar-shard-00-02.qyluq6u.mongodb.net:27017
2022-08-09 20:04:26.363  INFO 15820 --- [cluster-rtt-ClusterId{value='62f270719726714c9cbf7b94', description='null'}-ac-uctqwar-shard-00-00.qyluq6u.mongodb.net:27017] org.mongodb.driver.connection            : Opened connection [connectionId{localValue:3, serverValue:12068}] to ac-uctqwar-shard-00-00.qyluq6u.mongodb.net:27017
2022-08-09 20:04:26.363  INFO 15820 --- [cluster-ClusterId{value='62f270719726714c9cbf7b94', description='null'}-ac-uctqwar-shard-00-00.qyluq6u.mongodb.net:27017] org.mongodb.driver.connection            : Opened connection [connectionId{localValue:6, serverValue:12068}] to ac-uctqwar-shard-00-00.qyluq6u.mongodb.net:27017
2022-08-09 20:04:26.364  INFO 15820 --- [cluster-ClusterId{value='62f270719726714c9cbf7b94', description='null'}-ac-uctqwar-shard-00-01.qyluq6u.mongodb.net:27017] org.mongodb.driver.cluster               : Monitor thread successfully connected to server with description ServerDescription{address=ac-uctqwar-shard-00-01.qyluq6u.mongodb.net:27017, type=REPLICA_SET_SECONDARY, state=CONNECTED, ok=true, minWireVersion=0, maxWireVersion=13, maxDocumentSize=16777216, logicalSessionTimeoutMinutes=30, roundTripTimeNanos=314600300, setName='atlas-drnppv-shard-0', canonicalAddress=ac-uctqwar-shard-00-01.qyluq6u.mongodb.net:27017, hosts=[ac-uctqwar-shard-00-02.qyluq6u.mongodb.net:27017, ac-uctqwar-shard-00-00.qyluq6u.mongodb.net:27017, ac-uctqwar-shard-00-01.qyluq6u.mongodb.net:27017], passives=[], arbiters=[], primary='ac-uctqwar-shard-00-02.qyluq6u.mongodb.net:27017', tagSet=TagSet{[Tag{name='nodeType', value='ELECTABLE'}, Tag{name='provider', value='AWS'}, Tag{name='region', value='AP_SOUTH_1'}, Tag{name='workloadType', value='OPERATIONAL'}]}, electionId=null, setVersion=7, topologyVersion=TopologyVersion{processId=62f20affa531ce16311419ff, counter=3}, lastWriteDate=Tue Aug 09 20:04:26 IST 2022, lastUpdateTimeNanos=1222655615097200}
2022-08-09 20:04:26.364  INFO 15820 --- [cluster-ClusterId{value='62f270719726714c9cbf7b94', description='null'}-ac-uctqwar-shard-00-00.qyluq6u.mongodb.net:27017] org.mongodb.driver.cluster               : Monitor thread successfully connected to server with description ServerDescription{address=ac-uctqwar-shard-00-00.qyluq6u.mongodb.net:27017, type=REPLICA_SET_SECONDARY, state=CONNECTED, ok=true, minWireVersion=0, maxWireVersion=13, maxDocumentSize=16777216, logicalSessionTimeoutMinutes=30, roundTripTimeNanos=205604300, setName='atlas-drnppv-shard-0', canonicalAddress=ac-uctqwar-shard-00-00.qyluq6u.mongodb.net:27017, hosts=[ac-uctqwar-shard-00-02.qyluq6u.mongodb.net:27017, ac-uctqwar-shard-00-00.qyluq6u.mongodb.net:27017, ac-uctqwar-shard-00-01.qyluq6u.mongodb.net:27017], passives=[], arbiters=[], primary='ac-uctqwar-shard-00-02.qyluq6u.mongodb.net:27017', tagSet=TagSet{[Tag{name='nodeType', value='ELECTABLE'}, Tag{name='provider', value='AWS'}, Tag{name='region', value='AP_SOUTH_1'}, Tag{name='workloadType', value='OPERATIONAL'}]}, electionId=null, setVersion=7, topologyVersion=TopologyVersion{processId=62f20858cb1f0ac7c456b0cb, counter=4}, lastWriteDate=Tue Aug 09 20:04:26 IST 2022, lastUpdateTimeNanos=1222655615097200}
2022-08-09 20:04:26.363  INFO 15820 --- [cluster-rtt-ClusterId{value='62f270719726714c9cbf7b94', description='null'}-ac-uctqwar-shard-00-01.qyluq6u.mongodb.net:27017] org.mongodb.driver.connection            : Opened connection [connectionId{localValue:5, serverValue:11504}] to ac-uctqwar-shard-00-01.qyluq6u.mongodb.net:27017
2022-08-09 20:04:26.364  INFO 15820 --- [cluster-ClusterId{value='62f270719726714c9cbf7b94', description='null'}-ac-uctqwar-shard-00-02.qyluq6u.mongodb.net:27017] org.mongodb.driver.cluster               : Monitor thread successfully connected to server with description ServerDescription{address=ac-uctqwar-shard-00-02.qyluq6u.mongodb.net:27017, type=REPLICA_SET_PRIMARY, state=CONNECTED, ok=true, minWireVersion=0, maxWireVersion=13, maxDocumentSize=16777216, logicalSessionTimeoutMinutes=30, roundTripTimeNanos=314600500, setName='atlas-drnppv-shard-0', canonicalAddress=ac-uctqwar-shard-00-02.qyluq6u.mongodb.net:27017, hosts=[ac-uctqwar-shard-00-02.qyluq6u.mongodb.net:27017, ac-uctqwar-shard-00-00.qyluq6u.mongodb.net:27017, ac-uctqwar-shard-00-01.qyluq6u.mongodb.net:27017], passives=[], arbiters=[], primary='ac-uctqwar-shard-00-02.qyluq6u.mongodb.net:27017', tagSet=TagSet{[Tag{name='nodeType', value='ELECTABLE'}, Tag{name='provider', value='AWS'}, Tag{name='region', value='AP_SOUTH_1'}, Tag{name='workloadType', value='OPERATIONAL'}]}, electionId=7fffffff0000000000000143, setVersion=7, topologyVersion=TopologyVersion{processId=62f209b13fa660fc3d7c9c72, counter=6}, lastWriteDate=Tue Aug 09 20:04:26 IST 2022, lastUpdateTimeNanos=1222655615097300}
2022-08-09 20:04:26.370  INFO 15820 --- [cluster-ClusterId{value='62f270719726714c9cbf7b94', description='null'}-ac-uctqwar-shard-00-02.qyluq6u.mongodb.net:27017] org.mongodb.driver.cluster               : Setting max election id to 7fffffff0000000000000143 from replica set primary ac-uctqwar-shard-00-02.qyluq6u.mongodb.net:27017
2022-08-09 20:04:26.371  INFO 15820 --- [cluster-ClusterId{value='62f270719726714c9cbf7b94', description='null'}-ac-uctqwar-shard-00-02.qyluq6u.mongodb.net:27017] org.mongodb.driver.cluster               : Setting max set version to 7 from replica set primary ac-uctqwar-shard-00-02.qyluq6u.mongodb.net:27017
2022-08-09 20:04:26.371  INFO 15820 --- [cluster-ClusterId{value='62f270719726714c9cbf7b94', description='null'}-ac-uctqwar-shard-00-02.qyluq6u.mongodb.net:27017] org.mongodb.driver.cluster               : Discovered replica set primary ac-uctqwar-shard-00-02.qyluq6u.mongodb.net:27017
2022-08-09 20:04:28.037  INFO 15820 --- [restartedMain] pertySourcedRequestMappingHandlerMapping : Mapped URL path [/v2/api-docs] onto method [springfox.documentation.swagger2.web.Swagger2Controller#getDocumentation(String, HttpServletRequest)]
2022-08-09 20:04:28.857  INFO 15820 --- [restartedMain] DiscoveryClientOptionalArgsConfiguration : Eureka HTTP Client uses RestTemplate.
2022-08-09 20:04:29.377  WARN 15820 --- [restartedMain] iguration$LoadBalancerCaffeineWarnLogger : Spring Cloud LoadBalancer is currently working with the default cache. While this cache implementation is useful for development and tests, it's recommended to use Caffeine cache in production.You can switch to using Caffeine cache, by adding it and org.springframework.cache.caffeine.CaffeineCacheManager to the classpath.
2022-08-09 20:04:29.622  INFO 15820 --- [restartedMain] o.s.c.n.eureka.InstanceInfoFactory       : Setting initial instance status as: STARTING
2022-08-09 20:04:29.765  INFO 15820 --- [restartedMain] com.netflix.discovery.DiscoveryClient    : Initializing Eureka in region us-east-1
2022-08-09 20:04:29.782  INFO 15820 --- [restartedMain] c.n.d.s.r.aws.ConfigClusterResolver      : Resolving eureka endpoints via configuration
2022-08-09 20:04:29.858  INFO 15820 --- [restartedMain] com.netflix.discovery.DiscoveryClient    : Disable delta property : false
2022-08-09 20:04:29.859  INFO 15820 --- [restartedMain] com.netflix.discovery.DiscoveryClient    : Single vip registry refresh property : null
2022-08-09 20:04:29.859  INFO 15820 --- [restartedMain] com.netflix.discovery.DiscoveryClient    : Force full registry fetch : false
2022-08-09 20:04:29.859  INFO 15820 --- [restartedMain] com.netflix.discovery.DiscoveryClient    : Application is null : false
2022-08-09 20:04:29.859  INFO 15820 --- [restartedMain] com.netflix.discovery.DiscoveryClient    : Registered Applications size is zero : true
2022-08-09 20:04:29.859  INFO 15820 --- [restartedMain] com.netflix.discovery.DiscoveryClient    : Application version is -1: true
2022-08-09 20:04:29.859  INFO 15820 --- [restartedMain] com.netflix.discovery.DiscoveryClient    : Getting all instance registry info from the eureka server
2022-08-09 20:04:30.509  INFO 15820 --- [restartedMain] com.netflix.discovery.DiscoveryClient    : The response status is 200
2022-08-09 20:04:30.521  INFO 15820 --- [restartedMain] com.netflix.discovery.DiscoveryClient    : Starting heartbeat executor: renew interval is: 30
2022-08-09 20:04:30.534  INFO 15820 --- [restartedMain] c.n.discovery.InstanceInfoReplicator     : InstanceInfoReplicator onDemand update allowed rate per min is 4
2022-08-09 20:04:30.563  INFO 15820 --- [restartedMain] com.netflix.discovery.DiscoveryClient    : Discovery Client initialized at timestamp 1660055670561 with initial instances count: 0
2022-08-09 20:04:30.565  INFO 15820 --- [restartedMain] o.s.c.n.e.s.EurekaServiceRegistry        : Registering application ADMIN-SERVICE with eureka with status UP
2022-08-09 20:04:30.567  INFO 15820 --- [restartedMain] com.netflix.discovery.DiscoveryClient    : Saw local status change event StatusChangeEvent [timestamp=1660055670567, current=UP, previous=STARTING]
2022-08-09 20:04:30.570  INFO 15820 --- [DiscoveryClient-InstanceInfoReplicator-0] com.netflix.discovery.DiscoveryClient    : DiscoveryClient_ADMIN-SERVICE/LIN24010827.corp.capgemini.com:admin-service:8084: registering service...
2022-08-09 20:04:30.626  INFO 15820 --- [restartedMain] o.s.b.w.embedded.tomcat.TomcatWebServer  : Tomcat started on port(s): 8084 (http) with context path ''
2022-08-09 20:04:30.628  INFO 15820 --- [restartedMain] .s.c.n.e.s.EurekaAutoServiceRegistration : Updating port to 8084
2022-08-09 20:04:30.773  INFO 15820 --- [DiscoveryClient-InstanceInfoReplicator-0] com.netflix.discovery.DiscoveryClient    : DiscoveryClient_ADMIN-SERVICE/LIN24010827.corp.capgemini.com:admin-service:8084 - registration status: 204
2022-08-09 20:04:30.930  INFO 15820 --- [restartedMain] d.s.w.p.DocumentationPluginsBootstrapper : Context refreshed
2022-08-09 20:04:30.962  INFO 15820 --- [restartedMain] d.s.w.p.DocumentationPluginsBootstrapper : Found 1 custom documentation plugin(s)
2022-08-09 20:04:31.032  INFO 15820 --- [restartedMain] s.d.s.w.s.ApiListingReferenceScanner     : Scanning for api listing references
2022-08-09 20:04:31.364  INFO 15820 --- [restartedMain] com.cg.AdminService1Application          : Started AdminService1Application in 13.786 seconds (JVM running for 16.724)
2022-08-09 20:05:00.528  INFO 15820 --- [DiscoveryClient-CacheRefreshExecutor-0] com.netflix.discovery.DiscoveryClient    : Disable delta property : false
2022-08-09 20:05:00.529  INFO 15820 --- [DiscoveryClient-CacheRefreshExecutor-0] com.netflix.discovery.DiscoveryClient    : Single vip registry refresh property : null
2022-08-09 20:05:00.529  INFO 15820 --- [DiscoveryClient-CacheRefreshExecutor-0] com.netflix.discovery.DiscoveryClient    : Force full registry fetch : false
2022-08-09 20:05:00.529  INFO 15820 --- [DiscoveryClient-CacheRefreshExecutor-0] com.netflix.discovery.DiscoveryClient    : Application is null : false
2022-08-09 20:05:00.529  INFO 15820 --- [DiscoveryClient-CacheRefreshExecutor-0] com.netflix.discovery.DiscoveryClient    : Registered Applications size is zero : true
2022-08-09 20:05:00.529  INFO 15820 --- [DiscoveryClient-CacheRefreshExecutor-0] com.netflix.discovery.DiscoveryClient    : Application version is -1: false
2022-08-09 20:05:00.529  INFO 15820 --- [DiscoveryClient-CacheRefreshExecutor-0] com.netflix.discovery.DiscoveryClient    : Getting all instance registry info from the eureka server
2022-08-09 20:05:00.554  INFO 15820 --- [DiscoveryClient-CacheRefreshExecutor-0] com.netflix.discovery.DiscoveryClient    : The response status is 200
2022-08-09 20:08:11.684  INFO 15820 --- [http-nio-8084-exec-2] o.a.c.c.C.[Tomcat].[localhost].[/]       : Initializing Spring DispatcherServlet 'dispatcherServlet'
2022-08-09 20:08:11.685  INFO 15820 --- [http-nio-8084-exec-2] o.s.web.servlet.DispatcherServlet        : Initializing Servlet 'dispatcherServlet'
2022-08-09 20:08:11.688  INFO 15820 --- [http-nio-8084-exec-2] o.s.web.servlet.DispatcherServlet        : Completed initialization in 2 ms
2022-08-09 20:08:11.737  INFO 15820 --- [http-nio-8084-exec-2] com.cg.controller.AdminController        : Getting List Of washpacks
2022-08-09 20:08:11.737  INFO 15820 --- [http-nio-8084-exec-2] c.c.services.AdminServiceImplementation  : Getting List of washpacks
2022-08-09 20:08:12.140  INFO 15820 --- [http-nio-8084-exec-2] org.mongodb.driver.connection            : Opened connection [connectionId{localValue:7, serverValue:12868}] to ac-uctqwar-shard-00-02.qyluq6u.mongodb.net:27017
2022-08-09 20:08:12.240  INFO 15820 --- [http-nio-8084-exec-2] c.c.services.AdminServiceImplementation  : Successfully got List of washpacks
2022-08-09 20:08:45.901  INFO 15820 --- [http-nio-8084-exec-3] com.cg.controller.AdminController        : Getting List Of washpacks
2022-08-09 20:08:45.902  INFO 15820 --- [http-nio-8084-exec-3] c.c.services.AdminServiceImplementation  : Getting List of washpacks
2022-08-09 20:08:45.946  INFO 15820 --- [http-nio-8084-exec-3] c.c.services.AdminServiceImplementation  : Successfully got List of washpacks
2022-08-09 20:08:49.893  INFO 15820 --- [http-nio-8084-exec-6] com.cg.controller.AdminController        : Getting List Of washpacks
2022-08-09 20:08:49.894  INFO 15820 --- [http-nio-8084-exec-6] c.c.services.AdminServiceImplementation  : Getting List of washpacks
2022-08-09 20:08:49.939  INFO 15820 --- [http-nio-8084-exec-6] c.c.services.AdminServiceImplementation  : Successfully got List of washpacks
2022-08-09 20:09:29.868  INFO 15820 --- [AsyncResolver-bootstrap-executor-0] c.n.d.s.r.aws.ConfigClusterResolver      : Resolving eureka endpoints via configuration
2022-08-09 20:10:02.578  INFO 15820 --- [http-nio-8084-exec-7] com.cg.controller.AdminController        : Getting List Of washpacks
2022-08-09 20:10:02.579  INFO 15820 --- [http-nio-8084-exec-7] c.c.services.AdminServiceImplementation  : Getting List of washpacks
2022-08-09 20:10:02.625  INFO 15820 --- [http-nio-8084-exec-7] c.c.services.AdminServiceImplementation  : Successfully got List of washpacks
2022-08-09 20:11:47.822  INFO 15820 --- [http-nio-8084-exec-5] com.cg.controller.AdminController        : Admin login
2022-08-09 20:11:47.914  INFO 15820 --- [http-nio-8084-exec-8] com.cg.controller.AdminController        : Getting List Of washpacks
2022-08-09 20:11:47.915  INFO 15820 --- [http-nio-8084-exec-8] c.c.services.AdminServiceImplementation  : Getting List of washpacks
2022-08-09 20:11:47.959  INFO 15820 --- [http-nio-8084-exec-8] c.c.services.AdminServiceImplementation  : Successfully got List of washpacks
2022-08-09 20:14:29.886  INFO 15820 --- [AsyncResolver-bootstrap-executor-0] c.n.d.s.r.aws.ConfigClusterResolver      : Resolving eureka endpoints via configuration
2022-08-09 20:16:55.184  INFO 15820 --- [http-nio-8084-exec-2] com.cg.controller.AdminController        : Getting List Of washpacks
2022-08-09 20:16:55.185  INFO 15820 --- [http-nio-8084-exec-2] c.c.services.AdminServiceImplementation  : Getting List of washpacks
2022-08-09 20:16:55.223  INFO 15820 --- [http-nio-8084-exec-2] c.c.services.AdminServiceImplementation  : Successfully got List of washpacks
2022-08-09 20:17:02.342  INFO 15820 --- [http-nio-8084-exec-3] com.cg.controller.AdminController        : Getting List Of washpacks
2022-08-09 20:17:02.344  INFO 15820 --- [http-nio-8084-exec-3] c.c.services.AdminServiceImplementation  : Getting List of washpacks
2022-08-09 20:17:02.384  INFO 15820 --- [http-nio-8084-exec-3] c.c.services.AdminServiceImplementation  : Successfully got List of washpacks
2022-08-09 20:17:06.918  INFO 15820 --- [http-nio-8084-exec-10] com.cg.controller.AdminController        : Getting List Of washpacks
2022-08-09 20:17:06.921  INFO 15820 --- [http-nio-8084-exec-10] c.c.services.AdminServiceImplementation  : Getting List of washpacks
2022-08-09 20:17:06.988  INFO 15820 --- [http-nio-8084-exec-10] c.c.services.AdminServiceImplementation  : Successfully got List of washpacks
2022-08-09 20:17:09.955  INFO 15820 --- [http-nio-8084-exec-7] com.cg.controller.AdminController        : Getting List Of washpacks
2022-08-09 20:17:09.955  INFO 15820 --- [http-nio-8084-exec-7] c.c.services.AdminServiceImplementation  : Getting List of washpacks
2022-08-09 20:17:09.991  INFO 15820 --- [http-nio-8084-exec-7] c.c.services.AdminServiceImplementation  : Successfully got List of washpacks
2022-08-09 20:19:29.902  INFO 15820 --- [AsyncResolver-bootstrap-executor-0] c.n.d.s.r.aws.ConfigClusterResolver      : Resolving eureka endpoints via configuration
2022-08-09 20:24:29.904  INFO 15820 --- [AsyncResolver-bootstrap-executor-0] c.n.d.s.r.aws.ConfigClusterResolver      : Resolving eureka endpoints via configuration
2022-08-09 20:29:29.915  INFO 15820 --- [AsyncResolver-bootstrap-executor-0] c.n.d.s.r.aws.ConfigClusterResolver      : Resolving eureka endpoints via configuration
2022-08-09 20:32:28.911  INFO 15820 --- [http-nio-8084-exec-5] com.cg.controller.AdminController        : Getting List Of washpacks
2022-08-09 20:32:28.911  INFO 15820 --- [http-nio-8084-exec-5] c.c.services.AdminServiceImplementation  : Getting List of washpacks
2022-08-09 20:32:28.950  INFO 15820 --- [http-nio-8084-exec-5] c.c.services.AdminServiceImplementation  : Successfully got List of washpacks
2022-08-09 20:32:31.765  INFO 15820 --- [http-nio-8084-exec-9] com.cg.controller.AdminController        : Getting List Of washpacks
2022-08-09 20:32:31.766  INFO 15820 --- [http-nio-8084-exec-9] c.c.services.AdminServiceImplementation  : Getting List of washpacks
2022-08-09 20:32:31.804  INFO 15820 --- [http-nio-8084-exec-9] c.c.services.AdminServiceImplementation  : Successfully got List of washpacks
2022-08-09 20:32:58.330  INFO 15820 --- [http-nio-8084-exec-2] com.cg.controller.AdminController        : Getting List Of washpacks
2022-08-09 20:32:58.330  INFO 15820 --- [http-nio-8084-exec-2] c.c.services.AdminServiceImplementation  : Getting List of washpacks
2022-08-09 20:32:58.367  INFO 15820 --- [http-nio-8084-exec-2] c.c.services.AdminServiceImplementation  : Successfully got List of washpacks
2022-08-09 20:33:00.534  INFO 15820 --- [http-nio-8084-exec-3] com.cg.controller.AdminController        : Getting List Of washpacks
2022-08-09 20:33:00.535  INFO 15820 --- [http-nio-8084-exec-3] c.c.services.AdminServiceImplementation  : Getting List of washpacks
2022-08-09 20:33:00.571  INFO 15820 --- [http-nio-8084-exec-3] c.c.services.AdminServiceImplementation  : Successfully got List of washpacks
2022-08-09 20:33:52.517  INFO 15820 --- [http-nio-8084-exec-10] com.cg.controller.AdminController        : Getting List Of washpacks
2022-08-09 20:33:52.518  INFO 15820 --- [http-nio-8084-exec-10] c.c.services.AdminServiceImplementation  : Getting List of washpacks
2022-08-09 20:33:52.558  INFO 15820 --- [http-nio-8084-exec-10] c.c.services.AdminServiceImplementation  : Successfully got List of washpacks
2022-08-09 20:34:29.916  INFO 15820 --- [AsyncResolver-bootstrap-executor-0] c.n.d.s.r.aws.ConfigClusterResolver      : Resolving eureka endpoints via configuration
2022-08-09 20:35:22.681  INFO 15820 --- [http-nio-8084-exec-1] com.cg.controller.AdminController        : Getting List Of washpacks
2022-08-09 20:35:22.681  INFO 15820 --- [http-nio-8084-exec-1] c.c.services.AdminServiceImplementation  : Getting List of washpacks
2022-08-09 20:35:22.720  INFO 15820 --- [http-nio-8084-exec-1] c.c.services.AdminServiceImplementation  : Successfully got List of washpacks
2022-08-09 20:35:35.067  INFO 15820 --- [http-nio-8084-exec-4] com.cg.controller.AdminController        : Getting List Of washpacks
2022-08-09 20:35:35.069  INFO 15820 --- [http-nio-8084-exec-4] c.c.services.AdminServiceImplementation  : Getting List of washpacks
2022-08-09 20:35:35.107  INFO 15820 --- [http-nio-8084-exec-4] c.c.services.AdminServiceImplementation  : Successfully got List of washpacks
2022-08-09 20:35:36.355  INFO 15820 --- [http-nio-8084-exec-5] com.cg.controller.AdminController        : Getting List Of washpacks
2022-08-09 20:35:36.355  INFO 15820 --- [http-nio-8084-exec-5] c.c.services.AdminServiceImplementation  : Getting List of washpacks
2022-08-09 20:35:36.399  INFO 15820 --- [http-nio-8084-exec-5] c.c.services.AdminServiceImplementation  : Successfully got List of washpacks
2022-08-09 20:35:36.973  INFO 15820 --- [http-nio-8084-exec-8] com.cg.controller.AdminController        : Getting List Of washpacks
2022-08-09 20:35:36.975  INFO 15820 --- [http-nio-8084-exec-8] c.c.services.AdminServiceImplementation  : Getting List of washpacks
2022-08-09 20:35:37.012  INFO 15820 --- [http-nio-8084-exec-8] c.c.services.AdminServiceImplementation  : Successfully got List of washpacks
2022-08-09 20:35:37.649  INFO 15820 --- [http-nio-8084-exec-9] com.cg.controller.AdminController        : Getting List Of washpacks
2022-08-09 20:35:37.649  INFO 15820 --- [http-nio-8084-exec-9] c.c.services.AdminServiceImplementation  : Getting List of washpacks
2022-08-09 20:35:37.687  INFO 15820 --- [http-nio-8084-exec-9] c.c.services.AdminServiceImplementation  : Successfully got List of washpacks
2022-08-09 20:36:32.907  INFO 15820 --- [http-nio-8084-exec-2] com.cg.controller.AdminController        : Getting List Of washpacks
2022-08-09 20:36:32.907  INFO 15820 --- [http-nio-8084-exec-2] c.c.services.AdminServiceImplementation  : Getting List of washpacks
2022-08-09 20:36:33.029  INFO 15820 --- [http-nio-8084-exec-2] c.c.services.AdminServiceImplementation  : Successfully got List of washpacks
2022-08-09 20:36:35.530  INFO 15820 --- [http-nio-8084-exec-3] com.cg.controller.AdminController        : Getting List Of washpacks
2022-08-09 20:36:35.532  INFO 15820 --- [http-nio-8084-exec-3] c.c.services.AdminServiceImplementation  : Getting List of washpacks
2022-08-09 20:36:35.580  INFO 15820 --- [http-nio-8084-exec-3] c.c.services.AdminServiceImplementation  : Successfully got List of washpacks
2022-08-09 20:36:39.874  INFO 15820 --- [http-nio-8084-exec-6] com.cg.controller.AdminController        : Getting List Of washpacks
2022-08-09 20:36:39.875  INFO 15820 --- [http-nio-8084-exec-6] c.c.services.AdminServiceImplementation  : Getting List of washpacks
2022-08-09 20:36:39.944  INFO 15820 --- [http-nio-8084-exec-6] c.c.services.AdminServiceImplementation  : Successfully got List of washpacks
2022-08-09 20:39:29.931  INFO 15820 --- [AsyncResolver-bootstrap-executor-0] c.n.d.s.r.aws.ConfigClusterResolver      : Resolving eureka endpoints via configuration
2022-08-09 20:42:55.531  INFO 15820 --- [http-nio-8084-exec-7] com.cg.controller.AdminController        : Getting List Of washpacks
2022-08-09 20:42:55.531  INFO 15820 --- [http-nio-8084-exec-7] c.c.services.AdminServiceImplementation  : Getting List of washpacks
2022-08-09 20:42:55.568  INFO 15820 --- [http-nio-8084-exec-7] c.c.services.AdminServiceImplementation  : Successfully got List of washpacks
2022-08-09 20:44:29.932  INFO 15820 --- [AsyncResolver-bootstrap-executor-0] c.n.d.s.r.aws.ConfigClusterResolver      : Resolving eureka endpoints via configuration
2022-08-09 20:45:28.439  INFO 15820 --- [http-nio-8084-exec-4] com.cg.controller.AdminController        : Getting List Of washpacks
2022-08-09 20:45:28.439  INFO 15820 --- [http-nio-8084-exec-4] c.c.services.AdminServiceImplementation  : Getting List of washpacks
2022-08-09 20:45:28.478  INFO 15820 --- [http-nio-8084-exec-4] c.c.services.AdminServiceImplementation  : Successfully got List of washpacks
2022-08-09 20:49:29.946  INFO 15820 --- [AsyncResolver-bootstrap-executor-0] c.n.d.s.r.aws.ConfigClusterResolver      : Resolving eureka endpoints via configuration
2022-08-09 20:54:29.955  INFO 15820 --- [AsyncResolver-bootstrap-executor-0] c.n.d.s.r.aws.ConfigClusterResolver      : Resolving eureka endpoints via configuration
2022-08-09 21:11:15.608  INFO 15820 --- [cluster-ClusterId{value='62f270719726714c9cbf7b94', description='null'}-ac-uctqwar-shard-00-02.qyluq6u.mongodb.net:27017] org.mongodb.driver.cluster               : Exception in monitor thread while connecting to server ac-uctqwar-shard-00-02.qyluq6u.mongodb.net:27017

com.mongodb.MongoSocketReadTimeoutException: Timeout while receiving message
	at com.mongodb.internal.connection.InternalStreamConnection.translateReadException(InternalStreamConnection.java:696) ~[mongodb-driver-core-4.6.1.jar:na]
	at com.mongodb.internal.connection.InternalStreamConnection.receiveMessageWithAdditionalTimeout(InternalStreamConnection.java:574) ~[mongodb-driver-core-4.6.1.jar:na]
	at com.mongodb.internal.connection.InternalStreamConnection.receiveCommandMessageResponse(InternalStreamConnection.java:410) ~[mongodb-driver-core-4.6.1.jar:na]
	at com.mongodb.internal.connection.InternalStreamConnection.receive(InternalStreamConnection.java:369) ~[mongodb-driver-core-4.6.1.jar:na]
	at com.mongodb.internal.connection.DefaultServerMonitor$ServerMonitorRunnable.lookupServerDescription(DefaultServerMonitor.java:221) ~[mongodb-driver-core-4.6.1.jar:na]
	at com.mongodb.internal.connection.DefaultServerMonitor$ServerMonitorRunnable.run(DefaultServerMonitor.java:157) ~[mongodb-driver-core-4.6.1.jar:na]
	at java.base/java.lang.Thread.run(Thread.java:833) ~[na:na]
Caused by: java.net.SocketTimeoutException: Read timed out
	at java.base/sun.nio.ch.NioSocketImpl.timedRead(NioSocketImpl.java:283) ~[na:na]
	at java.base/sun.nio.ch.NioSocketImpl.implRead(NioSocketImpl.java:309) ~[na:na]
	at java.base/sun.nio.ch.NioSocketImpl.read(NioSocketImpl.java:350) ~[na:na]
	at java.base/sun.nio.ch.NioSocketImpl$1.read(NioSocketImpl.java:803) ~[na:na]
	at java.base/java.net.Socket$SocketInputStream.read(Socket.java:966) ~[na:na]
	at java.base/sun.security.ssl.SSLSocketInputRecord.read(SSLSocketInputRecord.java:478) ~[na:na]
	at java.base/sun.security.ssl.SSLSocketInputRecord.readHeader(SSLSocketInputRecord.java:472) ~[na:na]
	at java.base/sun.security.ssl.SSLSocketInputRecord.bytesInCompletePacket(SSLSocketInputRecord.java:70) ~[na:na]
	at java.base/sun.security.ssl.SSLSocketImpl.readApplicationRecord(SSLSocketImpl.java:1455) ~[na:na]
	at java.base/sun.security.ssl.SSLSocketImpl$AppInputStream.read(SSLSocketImpl.java:1059) ~[na:na]
	at com.mongodb.internal.connection.SocketStream.read(SocketStream.java:110) ~[mongodb-driver-core-4.6.1.jar:na]
	at com.mongodb.internal.connection.SocketStream.read(SocketStream.java:135) ~[mongodb-driver-core-4.6.1.jar:na]
	at com.mongodb.internal.connection.InternalStreamConnection.receiveResponseBuffers(InternalStreamConnection.java:713) ~[mongodb-driver-core-4.6.1.jar:na]
	at com.mongodb.internal.connection.InternalStreamConnection.receiveMessageWithAdditionalTimeout(InternalStreamConnection.java:571) ~[mongodb-driver-core-4.6.1.jar:na]
	... 5 common frames omitted

2022-08-09 21:11:15.608  INFO 15820 --- [cluster-ClusterId{value='62f270719726714c9cbf7b94', description='null'}-ac-uctqwar-shard-00-01.qyluq6u.mongodb.net:27017] org.mongodb.driver.cluster               : Exception in monitor thread while connecting to server ac-uctqwar-shard-00-01.qyluq6u.mongodb.net:27017

com.mongodb.MongoSocketReadTimeoutException: Timeout while receiving message
	at com.mongodb.internal.connection.InternalStreamConnection.translateReadException(InternalStreamConnection.java:696) ~[mongodb-driver-core-4.6.1.jar:na]
	at com.mongodb.internal.connection.InternalStreamConnection.receiveMessageWithAdditionalTimeout(InternalStreamConnection.java:574) ~[mongodb-driver-core-4.6.1.jar:na]
	at com.mongodb.internal.connection.InternalStreamConnection.receiveCommandMessageResponse(InternalStreamConnection.java:410) ~[mongodb-driver-core-4.6.1.jar:na]
	at com.mongodb.internal.connection.InternalStreamConnection.receive(InternalStreamConnection.java:369) ~[mongodb-driver-core-4.6.1.jar:na]
	at com.mongodb.internal.connection.DefaultServerMonitor$ServerMonitorRunnable.lookupServerDescription(DefaultServerMonitor.java:221) ~[mongodb-driver-core-4.6.1.jar:na]
	at com.mongodb.internal.connection.DefaultServerMonitor$ServerMonitorRunnable.run(DefaultServerMonitor.java:157) ~[mongodb-driver-core-4.6.1.jar:na]
	at java.base/java.lang.Thread.run(Thread.java:833) ~[na:na]
Caused by: java.net.SocketTimeoutException: Read timed out
	at java.base/sun.nio.ch.NioSocketImpl.timedRead(NioSocketImpl.java:283) ~[na:na]
	at java.base/sun.nio.ch.NioSocketImpl.implRead(NioSocketImpl.java:309) ~[na:na]
	at java.base/sun.nio.ch.NioSocketImpl.read(NioSocketImpl.java:350) ~[na:na]
	at java.base/sun.nio.ch.NioSocketImpl$1.read(NioSocketImpl.java:803) ~[na:na]
	at java.base/java.net.Socket$SocketInputStream.read(Socket.java:966) ~[na:na]
	at java.base/sun.security.ssl.SSLSocketInputRecord.read(SSLSocketInputRecord.java:478) ~[na:na]
	at java.base/sun.security.ssl.SSLSocketInputRecord.readHeader(SSLSocketInputRecord.java:472) ~[na:na]
	at java.base/sun.security.ssl.SSLSocketInputRecord.bytesInCompletePacket(SSLSocketInputRecord.java:70) ~[na:na]
	at java.base/sun.security.ssl.SSLSocketImpl.readApplicationRecord(SSLSocketImpl.java:1455) ~[na:na]
	at java.base/sun.security.ssl.SSLSocketImpl$AppInputStream.read(SSLSocketImpl.java:1059) ~[na:na]
	at com.mongodb.internal.connection.SocketStream.read(SocketStream.java:110) ~[mongodb-driver-core-4.6.1.jar:na]
	at com.mongodb.internal.connection.SocketStream.read(SocketStream.java:135) ~[mongodb-driver-core-4.6.1.jar:na]
	at com.mongodb.internal.connection.InternalStreamConnection.receiveResponseBuffers(InternalStreamConnection.java:713) ~[mongodb-driver-core-4.6.1.jar:na]
	at com.mongodb.internal.connection.InternalStreamConnection.receiveMessageWithAdditionalTimeout(InternalStreamConnection.java:571) ~[mongodb-driver-core-4.6.1.jar:na]
	... 5 common frames omitted

2022-08-09 21:11:15.613  INFO 15820 --- [cluster-ClusterId{value='62f270719726714c9cbf7b94', description='null'}-ac-uctqwar-shard-00-00.qyluq6u.mongodb.net:27017] org.mongodb.driver.cluster               : Exception in monitor thread while connecting to server ac-uctqwar-shard-00-00.qyluq6u.mongodb.net:27017

com.mongodb.MongoSocketReadTimeoutException: Timeout while receiving message
	at com.mongodb.internal.connection.InternalStreamConnection.translateReadException(InternalStreamConnection.java:696) ~[mongodb-driver-core-4.6.1.jar:na]
	at com.mongodb.internal.connection.InternalStreamConnection.receiveMessageWithAdditionalTimeout(InternalStreamConnection.java:574) ~[mongodb-driver-core-4.6.1.jar:na]
	at com.mongodb.internal.connection.InternalStreamConnection.receiveCommandMessageResponse(InternalStreamConnection.java:410) ~[mongodb-driver-core-4.6.1.jar:na]
	at com.mongodb.internal.connection.InternalStreamConnection.receive(InternalStreamConnection.java:369) ~[mongodb-driver-core-4.6.1.jar:na]
	at com.mongodb.internal.connection.DefaultServerMonitor$ServerMonitorRunnable.lookupServerDescription(DefaultServerMonitor.java:221) ~[mongodb-driver-core-4.6.1.jar:na]
	at com.mongodb.internal.connection.DefaultServerMonitor$ServerMonitorRunnable.run(DefaultServerMonitor.java:157) ~[mongodb-driver-core-4.6.1.jar:na]
	at java.base/java.lang.Thread.run(Thread.java:833) ~[na:na]
Caused by: java.net.SocketTimeoutException: Read timed out
	at java.base/sun.nio.ch.NioSocketImpl.timedRead(NioSocketImpl.java:283) ~[na:na]
	at java.base/sun.nio.ch.NioSocketImpl.implRead(NioSocketImpl.java:309) ~[na:na]
	at java.base/sun.nio.ch.NioSocketImpl.read(NioSocketImpl.java:350) ~[na:na]
	at java.base/sun.nio.ch.NioSocketImpl$1.read(NioSocketImpl.java:803) ~[na:na]
	at java.base/java.net.Socket$SocketInputStream.read(Socket.java:966) ~[na:na]
	at java.base/sun.security.ssl.SSLSocketInputRecord.read(SSLSocketInputRecord.java:478) ~[na:na]
	at java.base/sun.security.ssl.SSLSocketInputRecord.readHeader(SSLSocketInputRecord.java:472) ~[na:na]
	at java.base/sun.security.ssl.SSLSocketInputRecord.bytesInCompletePacket(SSLSocketInputRecord.java:70) ~[na:na]
	at java.base/sun.security.ssl.SSLSocketImpl.readApplicationRecord(SSLSocketImpl.java:1455) ~[na:na]
	at java.base/sun.security.ssl.SSLSocketImpl$AppInputStream.read(SSLSocketImpl.java:1059) ~[na:na]
	at com.mongodb.internal.connection.SocketStream.read(SocketStream.java:110) ~[mongodb-driver-core-4.6.1.jar:na]
	at com.mongodb.internal.connection.SocketStream.read(SocketStream.java:135) ~[mongodb-driver-core-4.6.1.jar:na]
	at com.mongodb.internal.connection.InternalStreamConnection.receiveResponseBuffers(InternalStreamConnection.java:713) ~[mongodb-driver-core-4.6.1.jar:na]
	at com.mongodb.internal.connection.InternalStreamConnection.receiveMessageWithAdditionalTimeout(InternalStreamConnection.java:571) ~[mongodb-driver-core-4.6.1.jar:na]
	... 5 common frames omitted

2022-08-09 21:11:15.762  INFO 15820 --- [cluster-ClusterId{value='62f270719726714c9cbf7b94', description='null'}-ac-uctqwar-shard-00-01.qyluq6u.mongodb.net:27017] org.mongodb.driver.connection            : Opened connection [connectionId{localValue:9, serverValue:13214}] to ac-uctqwar-shard-00-01.qyluq6u.mongodb.net:27017
2022-08-09 21:11:15.763  INFO 15820 --- [cluster-ClusterId{value='62f270719726714c9cbf7b94', description='null'}-ac-uctqwar-shard-00-01.qyluq6u.mongodb.net:27017] org.mongodb.driver.cluster               : Monitor thread successfully connected to server with description ServerDescription{address=ac-uctqwar-shard-00-01.qyluq6u.mongodb.net:27017, type=REPLICA_SET_SECONDARY, state=CONNECTED, ok=true, minWireVersion=0, maxWireVersion=13, maxDocumentSize=16777216, logicalSessionTimeoutMinutes=30, roundTripTimeNanos=108257100, setName='atlas-drnppv-shard-0', canonicalAddress=ac-uctqwar-shard-00-01.qyluq6u.mongodb.net:27017, hosts=[ac-uctqwar-shard-00-02.qyluq6u.mongodb.net:27017, ac-uctqwar-shard-00-00.qyluq6u.mongodb.net:27017, ac-uctqwar-shard-00-01.qyluq6u.mongodb.net:27017], passives=[], arbiters=[], primary='ac-uctqwar-shard-00-02.qyluq6u.mongodb.net:27017', tagSet=TagSet{[Tag{name='nodeType', value='ELECTABLE'}, Tag{name='provider', value='AWS'}, Tag{name='region', value='AP_SOUTH_1'}, Tag{name='workloadType', value='OPERATIONAL'}]}, electionId=null, setVersion=7, topologyVersion=TopologyVersion{processId=62f20affa531ce16311419ff, counter=3}, lastWriteDate=Tue Aug 09 21:11:15 IST 2022, lastUpdateTimeNanos=1226665019450800}
2022-08-09 21:11:15.771  INFO 15820 --- [cluster-ClusterId{value='62f270719726714c9cbf7b94', description='null'}-ac-uctqwar-shard-00-02.qyluq6u.mongodb.net:27017] org.mongodb.driver.connection            : Opened connection [connectionId{localValue:8, serverValue:14490}] to ac-uctqwar-shard-00-02.qyluq6u.mongodb.net:27017
2022-08-09 21:11:15.772  INFO 15820 --- [cluster-ClusterId{value='62f270719726714c9cbf7b94', description='null'}-ac-uctqwar-shard-00-02.qyluq6u.mongodb.net:27017] org.mongodb.driver.cluster               : Monitor thread successfully connected to server with description ServerDescription{address=ac-uctqwar-shard-00-02.qyluq6u.mongodb.net:27017, type=REPLICA_SET_PRIMARY, state=CONNECTED, ok=true, minWireVersion=0, maxWireVersion=13, maxDocumentSize=16777216, logicalSessionTimeoutMinutes=30, roundTripTimeNanos=112564000, setName='atlas-drnppv-shard-0', canonicalAddress=ac-uctqwar-shard-00-02.qyluq6u.mongodb.net:27017, hosts=[ac-uctqwar-shard-00-02.qyluq6u.mongodb.net:27017, ac-uctqwar-shard-00-00.qyluq6u.mongodb.net:27017, ac-uctqwar-shard-00-01.qyluq6u.mongodb.net:27017], passives=[], arbiters=[], primary='ac-uctqwar-shard-00-02.qyluq6u.mongodb.net:27017', tagSet=TagSet{[Tag{name='nodeType', value='ELECTABLE'}, Tag{name='provider', value='AWS'}, Tag{name='region', value='AP_SOUTH_1'}, Tag{name='workloadType', value='OPERATIONAL'}]}, electionId=7fffffff0000000000000143, setVersion=7, topologyVersion=TopologyVersion{processId=62f209b13fa660fc3d7c9c72, counter=6}, lastWriteDate=Tue Aug 09 21:11:15 IST 2022, lastUpdateTimeNanos=1226665028247200}
2022-08-09 21:11:15.773  INFO 15820 --- [cluster-ClusterId{value='62f270719726714c9cbf7b94', description='null'}-ac-uctqwar-shard-00-02.qyluq6u.mongodb.net:27017] org.mongodb.driver.cluster               : Discovered replica set primary ac-uctqwar-shard-00-02.qyluq6u.mongodb.net:27017
2022-08-09 21:11:15.815  INFO 15820 --- [cluster-ClusterId{value='62f270719726714c9cbf7b94', description='null'}-ac-uctqwar-shard-00-00.qyluq6u.mongodb.net:27017] org.mongodb.driver.connection            : Opened connection [connectionId{localValue:10, serverValue:13784}] to ac-uctqwar-shard-00-00.qyluq6u.mongodb.net:27017
2022-08-09 21:11:15.815  INFO 15820 --- [cluster-ClusterId{value='62f270719726714c9cbf7b94', description='null'}-ac-uctqwar-shard-00-00.qyluq6u.mongodb.net:27017] org.mongodb.driver.cluster               : Monitor thread successfully connected to server with description ServerDescription{address=ac-uctqwar-shard-00-00.qyluq6u.mongodb.net:27017, type=REPLICA_SET_SECONDARY, state=CONNECTED, ok=true, minWireVersion=0, maxWireVersion=13, maxDocumentSize=16777216, logicalSessionTimeoutMinutes=30, roundTripTimeNanos=116473900, setName='atlas-drnppv-shard-0', canonicalAddress=ac-uctqwar-shard-00-00.qyluq6u.mongodb.net:27017, hosts=[ac-uctqwar-shard-00-02.qyluq6u.mongodb.net:27017, ac-uctqwar-shard-00-00.qyluq6u.mongodb.net:27017, ac-uctqwar-shard-00-01.qyluq6u.mongodb.net:27017], passives=[], arbiters=[], primary='ac-uctqwar-shard-00-02.qyluq6u.mongodb.net:27017', tagSet=TagSet{[Tag{name='nodeType', value='ELECTABLE'}, Tag{name='provider', value='AWS'}, Tag{name='region', value='AP_SOUTH_1'}, Tag{name='workloadType', value='OPERATIONAL'}]}, electionId=null, setVersion=7, topologyVersion=TopologyVersion{processId=62f20858cb1f0ac7c456b0cb, counter=4}, lastWriteDate=Tue Aug 09 21:11:15 IST 2022, lastUpdateTimeNanos=1226665072175800}
2022-08-09 21:11:20.516  INFO 15820 --- [cluster-rtt-ClusterId{value='62f270719726714c9cbf7b94', description='null'}-ac-uctqwar-shard-00-00.qyluq6u.mongodb.net:27017] org.mongodb.driver.connection            : Opened connection [connectionId{localValue:11, serverValue:13792}] to ac-uctqwar-shard-00-00.qyluq6u.mongodb.net:27017
2022-08-09 21:11:24.742  INFO 15820 --- [cluster-rtt-ClusterId{value='62f270719726714c9cbf7b94', description='null'}-ac-uctqwar-shard-00-01.qyluq6u.mongodb.net:27017] org.mongodb.driver.connection            : Opened connection [connectionId{localValue:12, serverValue:13218}] to ac-uctqwar-shard-00-01.qyluq6u.mongodb.net:27017
2022-08-09 21:11:24.963  INFO 15820 --- [cluster-rtt-ClusterId{value='62f270719726714c9cbf7b94', description='null'}-ac-uctqwar-shard-00-02.qyluq6u.mongodb.net:27017] org.mongodb.driver.connection            : Opened connection [connectionId{localValue:13, serverValue:14517}] to ac-uctqwar-shard-00-02.qyluq6u.mongodb.net:27017
2022-08-09 21:13:02.843  INFO 15820 --- [AsyncResolver-bootstrap-executor-0] c.n.d.s.r.aws.ConfigClusterResolver      : Resolving eureka endpoints via configuration
2022-08-09 21:18:02.857  INFO 15820 --- [AsyncResolver-bootstrap-executor-0] c.n.d.s.r.aws.ConfigClusterResolver      : Resolving eureka endpoints via configuration
2022-08-09 21:23:02.869  INFO 15820 --- [AsyncResolver-bootstrap-executor-0] c.n.d.s.r.aws.ConfigClusterResolver      : Resolving eureka endpoints via configuration
2022-08-09 21:28:02.881  INFO 15820 --- [AsyncResolver-bootstrap-executor-0] c.n.d.s.r.aws.ConfigClusterResolver      : Resolving eureka endpoints via configuration
2022-08-09 21:33:02.880  INFO 15820 --- [AsyncResolver-bootstrap-executor-0] c.n.d.s.r.aws.ConfigClusterResolver      : Resolving eureka endpoints via configuration
2022-08-09 21:38:02.895  INFO 15820 --- [AsyncResolver-bootstrap-executor-0] c.n.d.s.r.aws.ConfigClusterResolver      : Resolving eureka endpoints via configuration
2022-08-09 21:38:42.312  INFO 15820 --- [RMI TCP Connection(92)-127.0.0.1] inMXBeanRegistrar$SpringApplicationAdmin : Application shutdown requested.
2022-08-09 21:38:42.315  INFO 15820 --- [RMI TCP Connection(92)-127.0.0.1] o.s.c.n.e.s.EurekaServiceRegistry        : Unregistering application ADMIN-SERVICE with eureka with status DOWN
2022-08-09 21:38:42.316  INFO 15820 --- [RMI TCP Connection(92)-127.0.0.1] com.netflix.discovery.DiscoveryClient    : Saw local status change event StatusChangeEvent [timestamp=1660061322316, current=DOWN, previous=UP]
2022-08-09 21:38:42.316  INFO 15820 --- [DiscoveryClient-InstanceInfoReplicator-0] com.netflix.discovery.DiscoveryClient    : DiscoveryClient_ADMIN-SERVICE/LIN24010827.corp.capgemini.com:admin-service:8084: registering service...
2022-08-09 21:38:42.324  INFO 15820 --- [DiscoveryClient-InstanceInfoReplicator-0] com.netflix.discovery.DiscoveryClient    : DiscoveryClient_ADMIN-SERVICE/LIN24010827.corp.capgemini.com:admin-service:8084 - registration status: 204
2022-08-09 21:38:42.671  INFO 15820 --- [RMI TCP Connection(92)-127.0.0.1] org.mongodb.driver.connection            : Opened connection [connectionId{localValue:14, serverValue:14950}] to ac-uctqwar-shard-00-02.qyluq6u.mongodb.net:27017
2022-08-09 21:38:42.814  INFO 15820 --- [RMI TCP Connection(92)-127.0.0.1] com.netflix.discovery.DiscoveryClient    : Shutting down DiscoveryClient ...
2022-08-09 21:38:45.826  INFO 15820 --- [RMI TCP Connection(92)-127.0.0.1] com.netflix.discovery.DiscoveryClient    : Unregistering ...
2022-08-09 21:38:45.833  INFO 15820 --- [RMI TCP Connection(92)-127.0.0.1] c.n.d.s.t.d.RedirectingEurekaHttpClient  : Request execution error. endpoint=DefaultEndpoint{ serviceUrl='http://localhost:8761/eureka/} exception=I/O error on DELETE request for "http://localhost:8761/eureka/apps/ADMIN-SERVICE/LIN24010827.corp.capgemini.com:admin-service:8084": Connect to localhost:8761 [localhost/127.0.0.1, localhost/0:0:0:0:0:0:0:1] failed: Connection refused: connect; nested exception is org.apache.http.conn.HttpHostConnectException: Connect to localhost:8761 [localhost/127.0.0.1, localhost/0:0:0:0:0:0:0:1] failed: Connection refused: connect stacktrace=org.springframework.web.client.ResourceAccessException: I/O error on DELETE request for "http://localhost:8761/eureka/apps/ADMIN-SERVICE/LIN24010827.corp.capgemini.com:admin-service:8084": Connect to localhost:8761 [localhost/127.0.0.1, localhost/0:0:0:0:0:0:0:1] failed: Connection refused: connect; nested exception is org.apache.http.conn.HttpHostConnectException: Connect to localhost:8761 [localhost/127.0.0.1, localhost/0:0:0:0:0:0:0:1] failed: Connection refused: connect
	at org.springframework.web.client.RestTemplate.doExecute(RestTemplate.java:785)
	at org.springframework.web.client.RestTemplate.execute(RestTemplate.java:711)
	at org.springframework.web.client.RestTemplate.exchange(RestTemplate.java:602)
	at org.springframework.cloud.netflix.eureka.http.RestTemplateEurekaHttpClient.cancel(RestTemplateEurekaHttpClient.java:87)
	at com.netflix.discovery.shared.transport.decorator.EurekaHttpClientDecorator$2.execute(EurekaHttpClientDecorator.java:74)
	at com.netflix.discovery.shared.transport.decorator.RedirectingEurekaHttpClient.execute(RedirectingEurekaHttpClient.java:91)
	at com.netflix.discovery.shared.transport.decorator.EurekaHttpClientDecorator.cancel(EurekaHttpClientDecorator.java:71)
	at com.netflix.discovery.shared.transport.decorator.EurekaHttpClientDecorator$2.execute(EurekaHttpClientDecorator.java:74)
	at com.netflix.discovery.shared.transport.decorator.RetryableEurekaHttpClient.execute(RetryableEurekaHttpClient.java:120)
	at com.netflix.discovery.shared.transport.decorator.EurekaHttpClientDecorator.cancel(EurekaHttpClientDecorator.java:71)
	at com.netflix.discovery.shared.transport.decorator.EurekaHttpClientDecorator$2.execute(EurekaHttpClientDecorator.java:74)
	at com.netflix.discovery.shared.transport.decorator.SessionedEurekaHttpClient.execute(SessionedEurekaHttpClient.java:77)
	at com.netflix.discovery.shared.transport.decorator.EurekaHttpClientDecorator.cancel(EurekaHttpClientDecorator.java:71)
	at com.netflix.discovery.DiscoveryClient.unregister(DiscoveryClient.java:972)
	at com.netflix.discovery.DiscoveryClient.shutdown(DiscoveryClient.java:948)
	at java.base/jdk.internal.reflect.NativeMethodAccessorImpl.invoke0(Native Method)
	at java.base/jdk.internal.reflect.NativeMethodAccessorImpl.invoke(NativeMethodAccessorImpl.java:77)
	at java.base/jdk.internal.reflect.DelegatingMethodAccessorImpl.invoke(DelegatingMethodAccessorImpl.java:43)
	at java.base/java.lang.reflect.Method.invoke(Method.java:568)
	at org.springframework.beans.factory.annotation.InitDestroyAnnotationBeanPostProcessor$LifecycleElement.invoke(InitDestroyAnnotationBeanPostProcessor.java:389)
	at org.springframework.beans.factory.annotation.InitDestroyAnnotationBeanPostProcessor$LifecycleMetadata.invokeDestroyMethods(InitDestroyAnnotationBeanPostProcessor.java:347)
	at org.springframework.beans.factory.annotation.InitDestroyAnnotationBeanPostProcessor.postProcessBeforeDestruction(InitDestroyAnnotationBeanPostProcessor.java:177)
	at org.springframework.beans.factory.support.DisposableBeanAdapter.destroy(DisposableBeanAdapter.java:197)
	at org.springframework.beans.factory.support.DisposableBeanAdapter.run(DisposableBeanAdapter.java:190)
	at org.springframework.cloud.context.scope.GenericScope$BeanLifecycleWrapper.destroy(GenericScope.java:390)
	at org.springframework.cloud.context.scope.GenericScope.destroy(GenericScope.java:136)
	at org.springframework.beans.factory.support.DisposableBeanAdapter.destroy(DisposableBeanAdapter.java:213)
	at org.springframework.beans.factory.support.DefaultSingletonBeanRegistry.destroyBean(DefaultSingletonBeanRegistry.java:587)
	at org.springframework.beans.factory.support.DefaultSingletonBeanRegistry.destroySingleton(DefaultSingletonBeanRegistry.java:559)
	at org.springframework.beans.factory.support.DefaultListableBeanFactory.destroySingleton(DefaultListableBeanFactory.java:1163)
	at org.springframework.beans.factory.support.DefaultSingletonBeanRegistry.destroySingletons(DefaultSingletonBeanRegistry.java:520)
	at org.springframework.beans.factory.support.DefaultListableBeanFactory.destroySingletons(DefaultListableBeanFactory.java:1156)
	at org.springframework.context.support.AbstractApplicationContext.destroyBeans(AbstractApplicationContext.java:1106)
	at org.springframework.context.support.AbstractApplicationContext.doClose(AbstractApplicationContext.java:1075)
	at org.springframework.boot.web.servlet.context.ServletWebServerApplicationContext.doClose(ServletWebServerApplicationContext.java:174)
	at org.springframework.context.support.AbstractApplicationContext.close(AbstractApplicationContext.java:1021)
	at org.springframework.boot.admin.SpringApplicationAdminMXBeanRegistrar$SpringApplicationAdmin.shutdown(SpringApplicationAdminMXBeanRegistrar.java:160)
	at java.base/jdk.internal.reflect.NativeMethodAccessorImpl.invoke0(Native Method)
	at java.base/jdk.internal.reflect.NativeMethodAccessorImpl.invoke(NativeMethodAccessorImpl.java:77)
	at java.base/jdk.internal.reflect.DelegatingMethodAccessorImpl.invoke(DelegatingMethodAccessorImpl.java:43)
	at java.base/java.lang.reflect.Method.invoke(Method.java:568)
	at sun.reflect.misc.Trampoline.invoke(MethodUtil.java:72)
	at jdk.internal.reflect.GeneratedMethodAccessor65.invoke(Unknown Source)
	at java.base/jdk.internal.reflect.DelegatingMethodAccessorImpl.invoke(DelegatingMethodAccessorImpl.java:43)
	at java.base/java.lang.reflect.Method.invoke(Method.java:568)
	at java.base/sun.reflect.misc.MethodUtil.invoke(MethodUtil.java:262)
	at java.management/com.sun.jmx.mbeanserver.ConvertingMethod.invokeWithOpenReturn(ConvertingMethod.java:193)
	at java.management/com.sun.jmx.mbeanserver.ConvertingMethod.invokeWithOpenReturn(ConvertingMethod.java:175)
	at java.management/com.sun.jmx.mbeanserver.MXBeanIntrospector.invokeM2(MXBeanIntrospector.java:117)
	at java.management/com.sun.jmx.mbeanserver.MXBeanIntrospector.invokeM2(MXBeanIntrospector.java:54)
	at java.management/com.sun.jmx.mbeanserver.MBeanIntrospector.invokeM(MBeanIntrospector.java:237)
	at java.management/com.sun.jmx.mbeanserver.PerInterface.invoke(PerInterface.java:138)
	at java.management/com.sun.jmx.mbeanserver.MBeanSupport.invoke(MBeanSupport.java:252)
	at java.management/com.sun.jmx.interceptor.DefaultMBeanServerInterceptor.invoke(DefaultMBeanServerInterceptor.java:814)
	at java.management/com.sun.jmx.mbeanserver.JmxMBeanServer.invoke(JmxMBeanServer.java:802)
	at java.management.rmi/javax.management.remote.rmi.RMIConnectionImpl.doOperation(RMIConnectionImpl.java:1472)
	at java.management.rmi/javax.management.remote.rmi.RMIConnectionImpl$PrivilegedOperation.run(RMIConnectionImpl.java:1310)
	at java.management.rmi/javax.management.remote.rmi.RMIConnectionImpl.doPrivilegedOperation(RMIConnectionImpl.java:1405)
	at java.management.rmi/javax.management.remote.rmi.RMIConnectionImpl.invoke(RMIConnectionImpl.java:829)
	at java.base/jdk.internal.reflect.GeneratedMethodAccessor67.invoke(Unknown Source)
	at java.base/jdk.internal.reflect.DelegatingMethodAccessorImpl.invoke(DelegatingMethodAccessorImpl.java:43)
	at java.base/java.lang.reflect.Method.invoke(Method.java:568)
	at java.rmi/sun.rmi.server.UnicastServerRef.dispatch(UnicastServerRef.java:360)
	at java.rmi/sun.rmi.transport.Transport$1.run(Transport.java:200)
	at java.rmi/sun.rmi.transport.Transport$1.run(Transport.java:197)
	at java.base/java.security.AccessController.doPrivileged(AccessController.java:712)
	at java.rmi/sun.rmi.transport.Transport.serviceCall(Transport.java:196)
	at java.rmi/sun.rmi.transport.tcp.TCPTransport.handleMessages(TCPTransport.java:587)
	at java.rmi/sun.rmi.transport.tcp.TCPTransport$ConnectionHandler.run0(TCPTransport.java:828)
	at java.rmi/sun.rmi.transport.tcp.TCPTransport$ConnectionHandler.lambda$run$0(TCPTransport.java:705)
	at java.base/java.security.AccessController.doPrivileged(AccessController.java:399)
	at java.rmi/sun.rmi.transport.tcp.TCPTransport$ConnectionHandler.run(TCPTransport.java:704)
	at java.base/java.util.concurrent.ThreadPoolExecutor.runWorker(ThreadPoolExecutor.java:1136)
	at java.base/java.util.concurrent.ThreadPoolExecutor$Worker.run(ThreadPoolExecutor.java:635)
	at java.base/java.lang.Thread.run(Thread.java:833)
Caused by: org.apache.http.conn.HttpHostConnectException: Connect to localhost:8761 [localhost/127.0.0.1, localhost/0:0:0:0:0:0:0:1] failed: Connection refused: connect
	at org.apache.http.impl.conn.DefaultHttpClientConnectionOperator.connect(DefaultHttpClientConnectionOperator.java:156)
	at org.apache.http.impl.conn.PoolingHttpClientConnectionManager.connect(PoolingHttpClientConnectionManager.java:376)
	at org.apache.http.impl.execchain.MainClientExec.establishRoute(MainClientExec.java:393)
	at org.apache.http.impl.execchain.MainClientExec.execute(MainClientExec.java:236)
	at org.apache.http.impl.execchain.ProtocolExec.execute(ProtocolExec.java:186)
	at org.apache.http.impl.execchain.RetryExec.execute(RetryExec.java:89)
	at org.apache.http.impl.execchain.RedirectExec.execute(RedirectExec.java:110)
	at org.apache.http.impl.client.InternalHttpClient.doExecute(InternalHttpClient.java:185)
	at org.apache.http.impl.client.CloseableHttpClient.execute(CloseableHttpClient.java:83)
	at org.apache.http.impl.client.CloseableHttpClient.execute(CloseableHttpClient.java:56)
	at org.springframework.http.client.HttpComponentsClientHttpRequest.executeInternal(HttpComponentsClientHttpRequest.java:87)
	at org.springframework.http.client.AbstractBufferingClientHttpRequest.executeInternal(AbstractBufferingClientHttpRequest.java:48)
	at org.springframework.http.client.AbstractClientHttpRequest.execute(AbstractClientHttpRequest.java:66)
	at org.springframework.web.client.RestTemplate.doExecute(RestTemplate.java:776)
	... 74 more
Caused by: java.net.ConnectException: Connection refused: connect
	at java.base/sun.nio.ch.Net.connect0(Native Method)
	at java.base/sun.nio.ch.Net.connect(Net.java:579)
	at java.base/sun.nio.ch.Net.connect(Net.java:568)
	at java.base/sun.nio.ch.NioSocketImpl.connect(NioSocketImpl.java:588)
	at java.base/java.net.SocksSocketImpl.connect(SocksSocketImpl.java:327)
	at java.base/java.net.Socket.connect(Socket.java:633)
	at org.apache.http.conn.socket.PlainConnectionSocketFactory.connectSocket(PlainConnectionSocketFactory.java:75)
	at org.apache.http.impl.conn.DefaultHttpClientConnectionOperator.connect(DefaultHttpClientConnectionOperator.java:142)
	... 87 more

2022-08-09 21:38:45.834  WARN 15820 --- [RMI TCP Connection(92)-127.0.0.1] c.n.d.s.t.d.RetryableEurekaHttpClient    : Request execution failed with message: I/O error on DELETE request for "http://localhost:8761/eureka/apps/ADMIN-SERVICE/LIN24010827.corp.capgemini.com:admin-service:8084": Connect to localhost:8761 [localhost/127.0.0.1, localhost/0:0:0:0:0:0:0:1] failed: Connection refused: connect; nested exception is org.apache.http.conn.HttpHostConnectException: Connect to localhost:8761 [localhost/127.0.0.1, localhost/0:0:0:0:0:0:0:1] failed: Connection refused: connect
2022-08-09 21:38:45.838  INFO 15820 --- [RMI TCP Connection(92)-127.0.0.1] c.n.d.s.t.d.RedirectingEurekaHttpClient  : Request execution error. endpoint=DefaultEndpoint{ serviceUrl='http://localhost:8761/eureka/}, exception=I/O error on DELETE request for "http://localhost:8761/eureka/apps/ADMIN-SERVICE/LIN24010827.corp.capgemini.com:admin-service:8084": Connect to localhost:8761 [localhost/127.0.0.1, localhost/0:0:0:0:0:0:0:1] failed: Connection refused: connect; nested exception is org.apache.http.conn.HttpHostConnectException: Connect to localhost:8761 [localhost/127.0.0.1, localhost/0:0:0:0:0:0:0:1] failed: Connection refused: connect stacktrace=org.springframework.web.client.ResourceAccessException: I/O error on DELETE request for "http://localhost:8761/eureka/apps/ADMIN-SERVICE/LIN24010827.corp.capgemini.com:admin-service:8084": Connect to localhost:8761 [localhost/127.0.0.1, localhost/0:0:0:0:0:0:0:1] failed: Connection refused: connect; nested exception is org.apache.http.conn.HttpHostConnectException: Connect to localhost:8761 [localhost/127.0.0.1, localhost/0:0:0:0:0:0:0:1] failed: Connection refused: connect
	at org.springframework.web.client.RestTemplate.doExecute(RestTemplate.java:785)
	at org.springframework.web.client.RestTemplate.execute(RestTemplate.java:711)
	at org.springframework.web.client.RestTemplate.exchange(RestTemplate.java:602)
	at org.springframework.cloud.netflix.eureka.http.RestTemplateEurekaHttpClient.cancel(RestTemplateEurekaHttpClient.java:87)
	at com.netflix.discovery.shared.transport.decorator.EurekaHttpClientDecorator$2.execute(EurekaHttpClientDecorator.java:74)
	at com.netflix.discovery.shared.transport.decorator.RedirectingEurekaHttpClient.executeOnNewServer(RedirectingEurekaHttpClient.java:121)
	at com.netflix.discovery.shared.transport.decorator.RedirectingEurekaHttpClient.execute(RedirectingEurekaHttpClient.java:80)
	at com.netflix.discovery.shared.transport.decorator.EurekaHttpClientDecorator.cancel(EurekaHttpClientDecorator.java:71)
	at com.netflix.discovery.shared.transport.decorator.EurekaHttpClientDecorator$2.execute(EurekaHttpClientDecorator.java:74)
	at com.netflix.discovery.shared.transport.decorator.RetryableEurekaHttpClient.execute(RetryableEurekaHttpClient.java:120)
	at com.netflix.discovery.shared.transport.decorator.EurekaHttpClientDecorator.cancel(EurekaHttpClientDecorator.java:71)
	at com.netflix.discovery.shared.transport.decorator.EurekaHttpClientDecorator$2.execute(EurekaHttpClientDecorator.java:74)
	at com.netflix.discovery.shared.transport.decorator.SessionedEurekaHttpClient.execute(SessionedEurekaHttpClient.java:77)
	at com.netflix.discovery.shared.transport.decorator.EurekaHttpClientDecorator.cancel(EurekaHttpClientDecorator.java:71)
	at com.netflix.discovery.DiscoveryClient.unregister(DiscoveryClient.java:972)
	at com.netflix.discovery.DiscoveryClient.shutdown(DiscoveryClient.java:948)
	at java.base/jdk.internal.reflect.NativeMethodAccessorImpl.invoke0(Native Method)
	at java.base/jdk.internal.reflect.NativeMethodAccessorImpl.invoke(NativeMethodAccessorImpl.java:77)
	at java.base/jdk.internal.reflect.DelegatingMethodAccessorImpl.invoke(DelegatingMethodAccessorImpl.java:43)
	at java.base/java.lang.reflect.Method.invoke(Method.java:568)
	at org.springframework.beans.factory.annotation.InitDestroyAnnotationBeanPostProcessor$LifecycleElement.invoke(InitDestroyAnnotationBeanPostProcessor.java:389)
	at org.springframework.beans.factory.annotation.InitDestroyAnnotationBeanPostProcessor$LifecycleMetadata.invokeDestroyMethods(InitDestroyAnnotationBeanPostProcessor.java:347)
	at org.springframework.beans.factory.annotation.InitDestroyAnnotationBeanPostProcessor.postProcessBeforeDestruction(InitDestroyAnnotationBeanPostProcessor.java:177)
	at org.springframework.beans.factory.support.DisposableBeanAdapter.destroy(DisposableBeanAdapter.java:197)
	at org.springframework.beans.factory.support.DisposableBeanAdapter.run(DisposableBeanAdapter.java:190)
	at org.springframework.cloud.context.scope.GenericScope$BeanLifecycleWrapper.destroy(GenericScope.java:390)
	at org.springframework.cloud.context.scope.GenericScope.destroy(GenericScope.java:136)
	at org.springframework.beans.factory.support.DisposableBeanAdapter.destroy(DisposableBeanAdapter.java:213)
	at org.springframework.beans.factory.support.DefaultSingletonBeanRegistry.destroyBean(DefaultSingletonBeanRegistry.java:587)
	at org.springframework.beans.factory.support.DefaultSingletonBeanRegistry.destroySingleton(DefaultSingletonBeanRegistry.java:559)
	at org.springframework.beans.factory.support.DefaultListableBeanFactory.destroySingleton(DefaultListableBeanFactory.java:1163)
	at org.springframework.beans.factory.support.DefaultSingletonBeanRegistry.destroySingletons(DefaultSingletonBeanRegistry.java:520)
	at org.springframework.beans.factory.support.DefaultListableBeanFactory.destroySingletons(DefaultListableBeanFactory.java:1156)
	at org.springframework.context.support.AbstractApplicationContext.destroyBeans(AbstractApplicationContext.java:1106)
	at org.springframework.context.support.AbstractApplicationContext.doClose(AbstractApplicationContext.java:1075)
	at org.springframework.boot.web.servlet.context.ServletWebServerApplicationContext.doClose(ServletWebServerApplicationContext.java:174)
	at org.springframework.context.support.AbstractApplicationContext.close(AbstractApplicationContext.java:1021)
	at org.springframework.boot.admin.SpringApplicationAdminMXBeanRegistrar$SpringApplicationAdmin.shutdown(SpringApplicationAdminMXBeanRegistrar.java:160)
	at java.base/jdk.internal.reflect.NativeMethodAccessorImpl.invoke0(Native Method)
	at java.base/jdk.internal.reflect.NativeMethodAccessorImpl.invoke(NativeMethodAccessorImpl.java:77)
	at java.base/jdk.internal.reflect.DelegatingMethodAccessorImpl.invoke(DelegatingMethodAccessorImpl.java:43)
	at java.base/java.lang.reflect.Method.invoke(Method.java:568)
	at sun.reflect.misc.Trampoline.invoke(MethodUtil.java:72)
	at jdk.internal.reflect.GeneratedMethodAccessor65.invoke(Unknown Source)
	at java.base/jdk.internal.reflect.DelegatingMethodAccessorImpl.invoke(DelegatingMethodAccessorImpl.java:43)
	at java.base/java.lang.reflect.Method.invoke(Method.java:568)
	at java.base/sun.reflect.misc.MethodUtil.invoke(MethodUtil.java:262)
	at java.management/com.sun.jmx.mbeanserver.ConvertingMethod.invokeWithOpenReturn(ConvertingMethod.java:193)
	at java.management/com.sun.jmx.mbeanserver.ConvertingMethod.invokeWithOpenReturn(ConvertingMethod.java:175)
	at java.management/com.sun.jmx.mbeanserver.MXBeanIntrospector.invokeM2(MXBeanIntrospector.java:117)
	at java.management/com.sun.jmx.mbeanserver.MXBeanIntrospector.invokeM2(MXBeanIntrospector.java:54)
	at java.management/com.sun.jmx.mbeanserver.MBeanIntrospector.invokeM(MBeanIntrospector.java:237)
	at java.management/com.sun.jmx.mbeanserver.PerInterface.invoke(PerInterface.java:138)
	at java.management/com.sun.jmx.mbeanserver.MBeanSupport.invoke(MBeanSupport.java:252)
	at java.management/com.sun.jmx.interceptor.DefaultMBeanServerInterceptor.invoke(DefaultMBeanServerInterceptor.java:814)
	at java.management/com.sun.jmx.mbeanserver.JmxMBeanServer.invoke(JmxMBeanServer.java:802)
	at java.management.rmi/javax.management.remote.rmi.RMIConnectionImpl.doOperation(RMIConnectionImpl.java:1472)
	at java.management.rmi/javax.management.remote.rmi.RMIConnectionImpl$PrivilegedOperation.run(RMIConnectionImpl.java:1310)
	at java.management.rmi/javax.management.remote.rmi.RMIConnectionImpl.doPrivilegedOperation(RMIConnectionImpl.java:1405)
	at java.management.rmi/javax.management.remote.rmi.RMIConnectionImpl.invoke(RMIConnectionImpl.java:829)
	at java.base/jdk.internal.reflect.GeneratedMethodAccessor67.invoke(Unknown Source)
	at java.base/jdk.internal.reflect.DelegatingMethodAccessorImpl.invoke(DelegatingMethodAccessorImpl.java:43)
	at java.base/java.lang.reflect.Method.invoke(Method.java:568)
	at java.rmi/sun.rmi.server.UnicastServerRef.dispatch(UnicastServerRef.java:360)
	at java.rmi/sun.rmi.transport.Transport$1.run(Transport.java:200)
	at java.rmi/sun.rmi.transport.Transport$1.run(Transport.java:197)
	at java.base/java.security.AccessController.doPrivileged(AccessController.java:712)
	at java.rmi/sun.rmi.transport.Transport.serviceCall(Transport.java:196)
	at java.rmi/sun.rmi.transport.tcp.TCPTransport.handleMessages(TCPTransport.java:587)
	at java.rmi/sun.rmi.transport.tcp.TCPTransport$ConnectionHandler.run0(TCPTransport.java:828)
	at java.rmi/sun.rmi.transport.tcp.TCPTransport$ConnectionHandler.lambda$run$0(TCPTransport.java:705)
	at java.base/java.security.AccessController.doPrivileged(AccessController.java:399)
	at java.rmi/sun.rmi.transport.tcp.TCPTransport$ConnectionHandler.run(TCPTransport.java:704)
	at java.base/java.util.concurrent.ThreadPoolExecutor.runWorker(ThreadPoolExecutor.java:1136)
	at java.base/java.util.concurrent.ThreadPoolExecutor$Worker.run(ThreadPoolExecutor.java:635)
	at java.base/java.lang.Thread.run(Thread.java:833)
Caused by: org.apache.http.conn.HttpHostConnectException: Connect to localhost:8761 [localhost/127.0.0.1, localhost/0:0:0:0:0:0:0:1] failed: Connection refused: connect
	at org.apache.http.impl.conn.DefaultHttpClientConnectionOperator.connect(DefaultHttpClientConnectionOperator.java:156)
	at org.apache.http.impl.conn.PoolingHttpClientConnectionManager.connect(PoolingHttpClientConnectionManager.java:376)
	at org.apache.http.impl.execchain.MainClientExec.establishRoute(MainClientExec.java:393)
	at org.apache.http.impl.execchain.MainClientExec.execute(MainClientExec.java:236)
	at org.apache.http.impl.execchain.ProtocolExec.execute(ProtocolExec.java:186)
	at org.apache.http.impl.execchain.RetryExec.execute(RetryExec.java:89)
	at org.apache.http.impl.execchain.RedirectExec.execute(RedirectExec.java:110)
	at org.apache.http.impl.client.InternalHttpClient.doExecute(InternalHttpClient.java:185)
	at org.apache.http.impl.client.CloseableHttpClient.execute(CloseableHttpClient.java:83)
	at org.apache.http.impl.client.CloseableHttpClient.execute(CloseableHttpClient.java:56)
	at org.springframework.http.client.HttpComponentsClientHttpRequest.executeInternal(HttpComponentsClientHttpRequest.java:87)
	at org.springframework.http.client.AbstractBufferingClientHttpRequest.executeInternal(AbstractBufferingClientHttpRequest.java:48)
	at org.springframework.http.client.AbstractClientHttpRequest.execute(AbstractClientHttpRequest.java:66)
	at org.springframework.web.client.RestTemplate.doExecute(RestTemplate.java:776)
	... 75 more
Caused by: java.net.ConnectException: Connection refused: connect
	at java.base/sun.nio.ch.Net.connect0(Native Method)
	at java.base/sun.nio.ch.Net.connect(Net.java:579)
	at java.base/sun.nio.ch.Net.connect(Net.java:568)
	at java.base/sun.nio.ch.NioSocketImpl.connect(NioSocketImpl.java:588)
	at java.base/java.net.SocksSocketImpl.connect(SocksSocketImpl.java:327)
	at java.base/java.net.Socket.connect(Socket.java:633)
	at org.apache.http.conn.socket.PlainConnectionSocketFactory.connectSocket(PlainConnectionSocketFactory.java:75)
	at org.apache.http.impl.conn.DefaultHttpClientConnectionOperator.connect(DefaultHttpClientConnectionOperator.java:142)
	... 88 more

2022-08-09 21:38:45.838  WARN 15820 --- [RMI TCP Connection(92)-127.0.0.1] c.n.d.s.t.d.RetryableEurekaHttpClient    : Request execution failed with message: I/O error on DELETE request for "http://localhost:8761/eureka/apps/ADMIN-SERVICE/LIN24010827.corp.capgemini.com:admin-service:8084": Connect to localhost:8761 [localhost/127.0.0.1, localhost/0:0:0:0:0:0:0:1] failed: Connection refused: connect; nested exception is org.apache.http.conn.HttpHostConnectException: Connect to localhost:8761 [localhost/127.0.0.1, localhost/0:0:0:0:0:0:0:1] failed: Connection refused: connect
2022-08-09 21:38:45.839 ERROR 15820 --- [RMI TCP Connection(92)-127.0.0.1] com.netflix.discovery.DiscoveryClient    : DiscoveryClient_ADMIN-SERVICE/LIN24010827.corp.capgemini.com:admin-service:8084 - de-registration failedCannot execute request on any known server

com.netflix.discovery.shared.transport.TransportException: Cannot execute request on any known server
	at com.netflix.discovery.shared.transport.decorator.RetryableEurekaHttpClient.execute(RetryableEurekaHttpClient.java:112) ~[eureka-client-1.10.17.jar:1.10.17]
	at com.netflix.discovery.shared.transport.decorator.EurekaHttpClientDecorator.cancel(EurekaHttpClientDecorator.java:71) ~[eureka-client-1.10.17.jar:1.10.17]
	at com.netflix.discovery.shared.transport.decorator.EurekaHttpClientDecorator$2.execute(EurekaHttpClientDecorator.java:74) ~[eureka-client-1.10.17.jar:1.10.17]
	at com.netflix.discovery.shared.transport.decorator.SessionedEurekaHttpClient.execute(SessionedEurekaHttpClient.java:77) ~[eureka-client-1.10.17.jar:1.10.17]
	at com.netflix.discovery.shared.transport.decorator.EurekaHttpClientDecorator.cancel(EurekaHttpClientDecorator.java:71) ~[eureka-client-1.10.17.jar:1.10.17]
	at com.netflix.discovery.DiscoveryClient.unregister(DiscoveryClient.java:972) ~[eureka-client-1.10.17.jar:1.10.17]
	at com.netflix.discovery.DiscoveryClient.shutdown(DiscoveryClient.java:948) ~[eureka-client-1.10.17.jar:1.10.17]
	at java.base/jdk.internal.reflect.NativeMethodAccessorImpl.invoke0(Native Method) ~[na:na]
	at java.base/jdk.internal.reflect.NativeMethodAccessorImpl.invoke(NativeMethodAccessorImpl.java:77) ~[na:na]
	at java.base/jdk.internal.reflect.DelegatingMethodAccessorImpl.invoke(DelegatingMethodAccessorImpl.java:43) ~[na:na]
	at java.base/java.lang.reflect.Method.invoke(Method.java:568) ~[na:na]
	at org.springframework.beans.factory.annotation.InitDestroyAnnotationBeanPostProcessor$LifecycleElement.invoke(InitDestroyAnnotationBeanPostProcessor.java:389) ~[spring-beans-5.3.22.jar:5.3.22]
	at org.springframework.beans.factory.annotation.InitDestroyAnnotationBeanPostProcessor$LifecycleMetadata.invokeDestroyMethods(InitDestroyAnnotationBeanPostProcessor.java:347) ~[spring-beans-5.3.22.jar:5.3.22]
	at org.springframework.beans.factory.annotation.InitDestroyAnnotationBeanPostProcessor.postProcessBeforeDestruction(InitDestroyAnnotationBeanPostProcessor.java:177) ~[spring-beans-5.3.22.jar:5.3.22]
	at org.springframework.beans.factory.support.DisposableBeanAdapter.destroy(DisposableBeanAdapter.java:197) ~[spring-beans-5.3.22.jar:5.3.22]
	at org.springframework.beans.factory.support.DisposableBeanAdapter.run(DisposableBeanAdapter.java:190) ~[spring-beans-5.3.22.jar:5.3.22]
	at org.springframework.cloud.context.scope.GenericScope$BeanLifecycleWrapper.destroy(GenericScope.java:390) ~[spring-cloud-context-3.1.3.jar:3.1.3]
	at org.springframework.cloud.context.scope.GenericScope.destroy(GenericScope.java:136) ~[spring-cloud-context-3.1.3.jar:3.1.3]
	at org.springframework.beans.factory.support.DisposableBeanAdapter.destroy(DisposableBeanAdapter.java:213) ~[spring-beans-5.3.22.jar:5.3.22]
	at org.springframework.beans.factory.support.DefaultSingletonBeanRegistry.destroyBean(DefaultSingletonBeanRegistry.java:587) ~[spring-beans-5.3.22.jar:5.3.22]
	at org.springframework.beans.factory.support.DefaultSingletonBeanRegistry.destroySingleton(DefaultSingletonBeanRegistry.java:559) ~[spring-beans-5.3.22.jar:5.3.22]
	at org.springframework.beans.factory.support.DefaultListableBeanFactory.destroySingleton(DefaultListableBeanFactory.java:1163) ~[spring-beans-5.3.22.jar:5.3.22]
	at org.springframework.beans.factory.support.DefaultSingletonBeanRegistry.destroySingletons(DefaultSingletonBeanRegistry.java:520) ~[spring-beans-5.3.22.jar:5.3.22]
	at org.springframework.beans.factory.support.DefaultListableBeanFactory.destroySingletons(DefaultListableBeanFactory.java:1156) ~[spring-beans-5.3.22.jar:5.3.22]
	at org.springframework.context.support.AbstractApplicationContext.destroyBeans(AbstractApplicationContext.java:1106) ~[spring-context-5.3.22.jar:5.3.22]
	at org.springframework.context.support.AbstractApplicationContext.doClose(AbstractApplicationContext.java:1075) ~[spring-context-5.3.22.jar:5.3.22]
	at org.springframework.boot.web.servlet.context.ServletWebServerApplicationContext.doClose(ServletWebServerApplicationContext.java:174) ~[spring-boot-2.7.2.jar:2.7.2]
	at org.springframework.context.support.AbstractApplicationContext.close(AbstractApplicationContext.java:1021) ~[spring-context-5.3.22.jar:5.3.22]
	at org.springframework.boot.admin.SpringApplicationAdminMXBeanRegistrar$SpringApplicationAdmin.shutdown(SpringApplicationAdminMXBeanRegistrar.java:160) ~[spring-boot-2.7.2.jar:2.7.2]
	at java.base/jdk.internal.reflect.NativeMethodAccessorImpl.invoke0(Native Method) ~[na:na]
	at java.base/jdk.internal.reflect.NativeMethodAccessorImpl.invoke(NativeMethodAccessorImpl.java:77) ~[na:na]
	at java.base/jdk.internal.reflect.DelegatingMethodAccessorImpl.invoke(DelegatingMethodAccessorImpl.java:43) ~[na:na]
	at java.base/java.lang.reflect.Method.invoke(Method.java:568) ~[na:na]
	at sun.reflect.misc.Trampoline.invoke(MethodUtil.java:72) ~[na:na]
	at jdk.internal.reflect.GeneratedMethodAccessor65.invoke(Unknown Source) ~[na:na]
	at java.base/jdk.internal.reflect.DelegatingMethodAccessorImpl.invoke(DelegatingMethodAccessorImpl.java:43) ~[na:na]
	at java.base/java.lang.reflect.Method.invoke(Method.java:568) ~[na:na]
	at java.base/sun.reflect.misc.MethodUtil.invoke(MethodUtil.java:262) ~[na:na]
	at java.management/com.sun.jmx.mbeanserver.ConvertingMethod.invokeWithOpenReturn(ConvertingMethod.java:193) ~[na:na]
	at java.management/com.sun.jmx.mbeanserver.ConvertingMethod.invokeWithOpenReturn(ConvertingMethod.java:175) ~[na:na]
	at java.management/com.sun.jmx.mbeanserver.MXBeanIntrospector.invokeM2(MXBeanIntrospector.java:117) ~[na:na]
	at java.management/com.sun.jmx.mbeanserver.MXBeanIntrospector.invokeM2(MXBeanIntrospector.java:54) ~[na:na]
	at java.management/com.sun.jmx.mbeanserver.MBeanIntrospector.invokeM(MBeanIntrospector.java:237) ~[na:na]
	at java.management/com.sun.jmx.mbeanserver.PerInterface.invoke(PerInterface.java:138) ~[na:na]
	at java.management/com.sun.jmx.mbeanserver.MBeanSupport.invoke(MBeanSupport.java:252) ~[na:na]
	at java.management/com.sun.jmx.interceptor.DefaultMBeanServerInterceptor.invoke(DefaultMBeanServerInterceptor.java:814) ~[na:na]
	at java.management/com.sun.jmx.mbeanserver.JmxMBeanServer.invoke(JmxMBeanServer.java:802) ~[na:na]
	at java.management.rmi/javax.management.remote.rmi.RMIConnectionImpl.doOperation(RMIConnectionImpl.java:1472) ~[na:na]
	at java.management.rmi/javax.management.remote.rmi.RMIConnectionImpl$PrivilegedOperation.run(RMIConnectionImpl.java:1310) ~[na:na]
	at java.management.rmi/javax.management.remote.rmi.RMIConnectionImpl.doPrivilegedOperation(RMIConnectionImpl.java:1405) ~[na:na]
	at java.management.rmi/javax.management.remote.rmi.RMIConnectionImpl.invoke(RMIConnectionImpl.java:829) ~[na:na]
	at java.base/jdk.internal.reflect.GeneratedMethodAccessor67.invoke(Unknown Source) ~[na:na]
	at java.base/jdk.internal.reflect.DelegatingMethodAccessorImpl.invoke(DelegatingMethodAccessorImpl.java:43) ~[na:na]
	at java.base/java.lang.reflect.Method.invoke(Method.java:568) ~[na:na]
	at java.rmi/sun.rmi.server.UnicastServerRef.dispatch(UnicastServerRef.java:360) ~[na:na]
	at java.rmi/sun.rmi.transport.Transport$1.run(Transport.java:200) ~[na:na]
	at java.rmi/sun.rmi.transport.Transport$1.run(Transport.java:197) ~[na:na]
	at java.base/java.security.AccessController.doPrivileged(AccessController.java:712) ~[na:na]
	at java.rmi/sun.rmi.transport.Transport.serviceCall(Transport.java:196) ~[na:na]
	at java.rmi/sun.rmi.transport.tcp.TCPTransport.handleMessages(TCPTransport.java:587) ~[na:na]
	at java.rmi/sun.rmi.transport.tcp.TCPTransport$ConnectionHandler.run0(TCPTransport.java:828) ~[na:na]
	at java.rmi/sun.rmi.transport.tcp.TCPTransport$ConnectionHandler.lambda$run$0(TCPTransport.java:705) ~[na:na]
	at java.base/java.security.AccessController.doPrivileged(AccessController.java:399) ~[na:na]
	at java.rmi/sun.rmi.transport.tcp.TCPTransport$ConnectionHandler.run(TCPTransport.java:704) ~[na:na]
	at java.base/java.util.concurrent.ThreadPoolExecutor.runWorker(ThreadPoolExecutor.java:1136) ~[na:na]
	at java.base/java.util.concurrent.ThreadPoolExecutor$Worker.run(ThreadPoolExecutor.java:635) ~[na:na]
	at java.base/java.lang.Thread.run(Thread.java:833) ~[na:na]

2022-08-09 21:38:45.899  INFO 15820 --- [RMI TCP Connection(92)-127.0.0.1] com.netflix.discovery.DiscoveryClient    : Completed shut down of DiscoveryClient
